# JRE version: OpenJDK Runtime Environment (11.0.2+9) (build 11.0.2+9)
# Java VM: OpenJDK 64-Bit Server VM (11.0.2+9, mixed mode, tiered, compressed oops, g1 gc, windows-amd64)
Heap:
 garbage-first heap   total 262144K, used 7989K [0x00000000e0000000, 0x0000000100000000)
  region size 1024K, 1 young (1024K), 1 survivors (1024K)
 Metaspace       used 13415K, capacity 13570K, committed 13696K, reserved 1077248K
  class space    used 1466K, capacity 1538K, committed 1664K, reserved 1048576K
GC Heap History (6 events):
Event: 0.632 GC heap before
{Heap before GC invocations=0 (full 0):
 garbage-first heap   total 262144K, used 25600K [0x00000000e0000000, 0x0000000100000000)
  region size 1024K, 24 young (24576K), 0 survivors (0K)
 Metaspace       used 11729K, capacity 11871K, committed 12032K, reserved 1060864K
  class space    used 1132K, capacity 1185K, committed 1280K, reserved 1048576K
}
Event: 0.635 GC heap after
{Heap after GC invocations=1 (full 0):
 garbage-first heap   total 262144K, used 7569K [0x00000000e0000000, 0x0000000100000000)
  region size 1024K, 3 young (3072K), 3 survivors (3072K)
 Metaspace       used 11729K, capacity 11871K, committed 12032K, reserved 1060864K
  class space    used 1132K, capacity 1185K, committed 1280K, reserved 1048576K
}
Event: 0.659 GC heap before
{Heap before GC invocations=1 (full 0):
 garbage-first heap   total 262144K, used 10641K [0x00000000e0000000, 0x0000000100000000)
  region size 1024K, 7 young (7168K), 3 survivors (3072K)
 Metaspace       used 12855K, capacity 12994K, committed 13056K, reserved 1067008K
  class space    used 1416K, capacity 1474K, committed 1536K, reserved 1048576K
}
Event: 0.661 GC heap after
{Heap after GC invocations=2 (full 0):
 garbage-first heap   total 262144K, used 7763K [0x00000000e0000000, 0x0000000100000000)
  region size 1024K, 4 young (4096K), 4 survivors (4096K)
 Metaspace       used 12855K, capacity 12994K, committed 13056K, reserved 1067008K
  class space    used 1416K, capacity 1474K, committed 1536K, reserved 1048576K
}
Event: 0.670 GC heap before
{Heap before GC invocations=3 (full 0):
 garbage-first heap   total 262144K, used 7763K [0x00000000e0000000, 0x0000000100000000)
  region size 1024K, 5 young (5120K), 4 survivors (4096K)
 Metaspace       used 13415K, capacity 13570K, committed 13696K, reserved 1075200K
  class space    used 1466K, capacity 1538K, committed 1664K, reserved 1048576K
}
Event: 0.671 GC heap after
{Heap after GC invocations=4 (full 0):
 garbage-first heap   total 262144K, used 7989K [0x00000000e0000000, 0x0000000100000000)
  region size 1024K, 1 young (1024K), 1 survivors (1024K)
 Metaspace       used 13415K, capacity 13570K, committed 13696K, reserved 1075200K
  class space    used 1466K, capacity 1538K, committed 1664K, reserved 1048576K
}

